0 info it worked if it ends with ok
1 verbose cli [ '/Users/yui_tang/.nodebrew/node/v6.10.3/bin/node',
1 verbose cli   '/Users/yui_tang/.nodebrew/current/bin/npm',
1 verbose cli   'run',
1 verbose cli   'lint' ]
2 info using npm@3.10.10
3 info using node@v6.10.3
4 verbose run-script [ 'prelint', 'lint', 'postlint' ]
5 info lifecycle yuisakamoto.github.io@1.0.0~prelint: yuisakamoto.github.io@1.0.0
6 silly lifecycle yuisakamoto.github.io@1.0.0~prelint: no script for prelint, continuing
7 info lifecycle yuisakamoto.github.io@1.0.0~lint: yuisakamoto.github.io@1.0.0
8 verbose lifecycle yuisakamoto.github.io@1.0.0~lint: unsafe-perm in lifecycle true
9 verbose lifecycle yuisakamoto.github.io@1.0.0~lint: PATH: /Users/yui_tang/.nodebrew/node/v6.10.3/lib/node_modules/npm/bin/node-gyp-bin:/Users/yui_tang/Develop/YuiSakamoto.github.io/node_modules/.bin:/Users/yui_tang/.nodebrew/node/v6.10.3/bin:/Users/yui_tang/google-cloud-sdk/bin:/Users/yui_tang/google-cloud-sdk/bin:/Users/yui_tang/.phpenv/bin:/usr/local/mysql/bin:/Users/yui_tang/dev/Tools/apache-maven-2.2.1/bin:/Users/yui_tang/dev/Tools/apache-ant-1.8.0/bin:/Users/yui_tang/.svm/current/rt/bin:/Users/yui_tang/Library/Haskell/bin:/opt/local/bin:/opt/local/sbin/:/Users/yui_tang/bin:/usr/local/bin:/usr/local/sbin:/usr/local/bin:/usr/bin:/bin:/usr/sbin:/sbin:/usr/local/go/bin:/Users/yui_tang/google-cloud-sdk/bin:/Users/yui_tang/.phpenv/bin:/usr/local/mysql/bin:/Users/yui_tang/dev/Tools/apache-maven-2.2.1/bin:/Users/yui_tang/dev/Tools/apache-ant-1.8.0/bin:/Users/yui_tang/.svm/current/rt/bin:/Users/yui_tang/Library/Haskell/bin:/opt/local/bin:/opt/local/sbin/:/Users/yui_tang/bin:/usr/local/sbin:/System/Library/PrivateFrameworks/Apple80211.framework/Versions/A/Resources/:/Users/yui_tang/local/bin:/usr/local/git/bin:/Users/yui_tang/dotfiles/bin:/Users/yui_tang/sandbox/GoogleAppEngine/sdk/1.3.4/google_appengine:/Users/yui_tang/sandbox/GAEJava/sdk/appengine-java-sdk-1.3.7/bin:/Users/yui_tang/develop/bin:/Users/yui_tang/Library/Android/sdk/platform-tools/:/opt/local/bin:/opt/local/sbin/:/System/Library/PrivateFrameworks/Apple80211.framework/Versions/A/Resources/:/Users/yui_tang/local/bin:/usr/local/git/bin:/Users/yui_tang/dotfiles/bin:/sbin:/usr/local/bin:/Users/yui_tang/sandbox/GoogleAppEngine/sdk/1.3.4/google_appengine:/Users/yui_tang/sandbox/GAEJava/sdk/appengine-java-sdk-1.3.7/bin:/usr/local/go/bin:/Users/yui_tang/develop/bin:/Users/yui_tang/bin:/Users/yui_tang/Library/Android/sdk/platform-tools/:/Users/yui_tang/.nodebrew/current/bin
10 verbose lifecycle yuisakamoto.github.io@1.0.0~lint: CWD: /Users/yui_tang/Develop/YuiSakamoto.github.io
11 silly lifecycle yuisakamoto.github.io@1.0.0~lint: Args: [ '-c', 'eslint assets/js/**/*.js' ]
12 silly lifecycle yuisakamoto.github.io@1.0.0~lint: Returned: code: 1  signal: null
13 info lifecycle yuisakamoto.github.io@1.0.0~lint: Failed to exec lint script
14 verbose stack Error: yuisakamoto.github.io@1.0.0 lint: `eslint assets/js/**/*.js`
14 verbose stack Exit status 1
14 verbose stack     at EventEmitter.<anonymous> (/Users/yui_tang/.nodebrew/node/v6.10.3/lib/node_modules/npm/lib/utils/lifecycle.js:255:16)
14 verbose stack     at emitTwo (events.js:106:13)
14 verbose stack     at EventEmitter.emit (events.js:191:7)
14 verbose stack     at ChildProcess.<anonymous> (/Users/yui_tang/.nodebrew/node/v6.10.3/lib/node_modules/npm/lib/utils/spawn.js:40:14)
14 verbose stack     at emitTwo (events.js:106:13)
14 verbose stack     at ChildProcess.emit (events.js:191:7)
14 verbose stack     at maybeClose (internal/child_process.js:886:16)
14 verbose stack     at Process.ChildProcess._handle.onexit (internal/child_process.js:226:5)
15 verbose pkgid yuisakamoto.github.io@1.0.0
16 verbose cwd /Users/yui_tang/Develop/YuiSakamoto.github.io
17 error Darwin 16.5.0
18 error argv "/Users/yui_tang/.nodebrew/node/v6.10.3/bin/node" "/Users/yui_tang/.nodebrew/current/bin/npm" "run" "lint"
19 error node v6.10.3
20 error npm  v3.10.10
21 error code ELIFECYCLE
22 error yuisakamoto.github.io@1.0.0 lint: `eslint assets/js/**/*.js`
22 error Exit status 1
23 error Failed at the yuisakamoto.github.io@1.0.0 lint script 'eslint assets/js/**/*.js'.
23 error Make sure you have the latest version of node.js and npm installed.
23 error If you do, this is most likely a problem with the yuisakamoto.github.io package,
23 error not with npm itself.
23 error Tell the author that this fails on your system:
23 error     eslint assets/js/**/*.js
23 error You can get information on how to open an issue for this project with:
23 error     npm bugs yuisakamoto.github.io
23 error Or if that isn't available, you can get their info via:
23 error     npm owner ls yuisakamoto.github.io
23 error There is likely additional logging output above.
24 verbose exit [ 1, true ]
